  [1m[36mUser Load (0.3ms)[0m  [1mSELECT `users`.* FROM `users`[0m
  [1m[35mUser Load (0.3ms)[0m  SELECT `users`.* FROM `users` WHERE `users`.`id` = 156 LIMIT 1
  [1m[36m (1.6ms)[0m  [1mSELECT SUM(stocks.money*stock_amounts) AS sum_id FROM `user_stocks` INNER JOIN `stocks` ON `stocks`.`id` = `user_stocks`.`stock_id` WHERE `user_stocks`.`user_id` = 156 AND `user_stocks`.`is_settled` = 0[0m
  [1m[35m (0.1ms)[0m  BEGIN
  [1m[36mSQL (1.5ms)[0m  [1mINSERT INTO `log_users` (`created_at`, `updated_at`, `user_id`, `user_money`) VALUES ('2014-06-17 16:44:16', '2014-06-17 16:44:16', 156, 33443604)[0m
  [1m[35m (3.9ms)[0m  COMMIT
  [1m[36mUser Load (0.9ms)[0m  [1mSELECT `users`.* FROM `users` WHERE `users`.`id` = 162 LIMIT 1[0m
  [1m[35m (0.3ms)[0m  SELECT SUM(stocks.money*stock_amounts) AS sum_id FROM `user_stocks` INNER JOIN `stocks` ON `stocks`.`id` = `user_stocks`.`stock_id` WHERE `user_stocks`.`user_id` = 162 AND `user_stocks`.`is_settled` = 0
  [1m[36m (0.1ms)[0m  [1mBEGIN[0m
  [1m[35mSQL (16.9ms)[0m  INSERT INTO `log_users` (`created_at`, `updated_at`, `user_id`, `user_money`) VALUES ('2014-06-17 16:44:16', '2014-06-17 16:44:16', 162, 1000)
  [1m[36m (0.5ms)[0m  [1mCOMMIT[0m
  [1m[35mUser Load (1.2ms)[0m  SELECT `users`.* FROM `users` WHERE `users`.`id` = 163 LIMIT 1
  [1m[36m (0.2ms)[0m  [1mSELECT SUM(stocks.money*stock_amounts) AS sum_id FROM `user_stocks` INNER JOIN `stocks` ON `stocks`.`id` = `user_stocks`.`stock_id` WHERE `user_stocks`.`user_id` = 163 AND `user_stocks`.`is_settled` = 0[0m
  [1m[35m (0.1ms)[0m  BEGIN
  [1m[36mSQL (11.5ms)[0m  [1mINSERT INTO `log_users` (`created_at`, `updated_at`, `user_id`, `user_money`) VALUES ('2014-06-17 16:44:16', '2014-06-17 16:44:16', 163, 1000)[0m
  [1m[35m (0.5ms)[0m  COMMIT
  [1m[36mUser Load (0.9ms)[0m  [1mSELECT `users`.* FROM `users` WHERE `users`.`id` = 164 LIMIT 1[0m
  [1m[35m (0.3ms)[0m  SELECT SUM(stocks.money*stock_amounts) AS sum_id FROM `user_stocks` INNER JOIN `stocks` ON `stocks`.`id` = `user_stocks`.`stock_id` WHERE `user_stocks`.`user_id` = 164 AND `user_stocks`.`is_settled` = 0
  [1m[36m (0.1ms)[0m  [1mBEGIN[0m
  [1m[35mSQL (0.9ms)[0m  INSERT INTO `log_users` (`created_at`, `updated_at`, `user_id`, `user_money`) VALUES ('2014-06-17 16:44:16', '2014-06-17 16:44:16', 164, 988)
  [1m[36m (0.5ms)[0m  [1mCOMMIT[0m
  [1m[35mUser Load (0.9ms)[0m  SELECT `users`.* FROM `users` WHERE `users`.`id` = 165 LIMIT 1
  [1m[36m (0.2ms)[0m  [1mSELECT SUM(stocks.money*stock_amounts) AS sum_id FROM `user_stocks` INNER JOIN `stocks` ON `stocks`.`id` = `user_stocks`.`stock_id` WHERE `user_stocks`.`user_id` = 165 AND `user_stocks`.`is_settled` = 0[0m
  [1m[35m (0.1ms)[0m  BEGIN
  [1m[36mSQL (0.5ms)[0m  [1mINSERT INTO `log_users` (`created_at`, `updated_at`, `user_id`, `user_money`) VALUES ('2014-06-17 16:44:16', '2014-06-17 16:44:16', 165, 1000)[0m
  [1m[35m (0.5ms)[0m  COMMIT
  [1m[36mUser Load (1.0ms)[0m  [1mSELECT `users`.* FROM `users` WHERE `users`.`id` = 166 LIMIT 1[0m
  [1m[35m (0.2ms)[0m  SELECT SUM(stocks.money*stock_amounts) AS sum_id FROM `user_stocks` INNER JOIN `stocks` ON `stocks`.`id` = `user_stocks`.`stock_id` WHERE `user_stocks`.`user_id` = 166 AND `user_stocks`.`is_settled` = 0
  [1m[36m (0.1ms)[0m  [1mBEGIN[0m
  [1m[35mSQL (0.2ms)[0m  INSERT INTO `log_users` (`created_at`, `updated_at`, `user_id`, `user_money`) VALUES ('2014-06-17 16:44:16', '2014-06-17 16:44:16', 166, 1000)
  [1m[36m (0.5ms)[0m  [1mCOMMIT[0m
  [1m[35mUser Load (1.0ms)[0m  SELECT `users`.* FROM `users` WHERE `users`.`id` = 167 LIMIT 1
  [1m[36m (0.2ms)[0m  [1mSELECT SUM(stocks.money*stock_amounts) AS sum_id FROM `user_stocks` INNER JOIN `stocks` ON `stocks`.`id` = `user_stocks`.`stock_id` WHERE `user_stocks`.`user_id` = 167 AND `user_stocks`.`is_settled` = 0[0m
  [1m[35m (0.1ms)[0m  BEGIN
  [1m[36mSQL (1.0ms)[0m  [1mINSERT INTO `log_users` (`created_at`, `updated_at`, `user_id`, `user_money`) VALUES ('2014-06-17 16:44:16', '2014-06-17 16:44:16', 167, 1000)[0m
  [1m[35m (0.4ms)[0m  COMMIT
  [1m[36mUser Load (7.6ms)[0m  [1mSELECT `users`.* FROM `users` WHERE `users`.`id` = 168 LIMIT 1[0m
  [1m[35m (0.3ms)[0m  SELECT SUM(stocks.money*stock_amounts) AS sum_id FROM `user_stocks` INNER JOIN `stocks` ON `stocks`.`id` = `user_stocks`.`stock_id` WHERE `user_stocks`.`user_id` = 168 AND `user_stocks`.`is_settled` = 0
  [1m[36m (0.1ms)[0m  [1mBEGIN[0m
  [1m[35mSQL (0.8ms)[0m  INSERT INTO `log_users` (`created_at`, `updated_at`, `user_id`, `user_money`) VALUES ('2014-06-17 16:44:16', '2014-06-17 16:44:16', 168, 932)
  [1m[36m (0.4ms)[0m  [1mCOMMIT[0m
  [1m[35mUser Load (0.2ms)[0m  SELECT `users`.* FROM `users` WHERE `users`.`id` = 169 LIMIT 1
  [1m[36m (0.2ms)[0m  [1mSELECT SUM(stocks.money*stock_amounts) AS sum_id FROM `user_stocks` INNER JOIN `stocks` ON `stocks`.`id` = `user_stocks`.`stock_id` WHERE `user_stocks`.`user_id` = 169 AND `user_stocks`.`is_settled` = 0[0m
  [1m[35m (0.1ms)[0m  BEGIN
  [1m[36mSQL (0.9ms)[0m  [1mINSERT INTO `log_users` (`created_at`, `updated_at`, `user_id`, `user_money`) VALUES ('2014-06-17 16:44:16', '2014-06-17 16:44:16', 169, 1000)[0m
  [1m[35m (0.4ms)[0m  COMMIT
  [1m[36mUser Load (0.2ms)[0m  [1mSELECT `users`.* FROM `users` WHERE `users`.`id` = 170 LIMIT 1[0m
  [1m[35m (0.2ms)[0m  SELECT SUM(stocks.money*stock_amounts) AS sum_id FROM `user_stocks` INNER JOIN `stocks` ON `stocks`.`id` = `user_stocks`.`stock_id` WHERE `user_stocks`.`user_id` = 170 AND `user_stocks`.`is_settled` = 0
  [1m[36m (0.1ms)[0m  [1mBEGIN[0m
  [1m[35mSQL (8.9ms)[0m  INSERT INTO `log_users` (`created_at`, `updated_at`, `user_id`, `user_money`) VALUES ('2014-06-17 16:44:16', '2014-06-17 16:44:16', 170, 0)
  [1m[36m (0.4ms)[0m  [1mCOMMIT[0m
  [1m[35mUser Load (0.2ms)[0m  SELECT `users`.* FROM `users` WHERE `users`.`id` = 171 LIMIT 1
  [1m[36m (0.3ms)[0m  [1mSELECT SUM(stocks.money*stock_amounts) AS sum_id FROM `user_stocks` INNER JOIN `stocks` ON `stocks`.`id` = `user_stocks`.`stock_id` WHERE `user_stocks`.`user_id` = 171 AND `user_stocks`.`is_settled` = 0[0m
  [1m[35m (0.1ms)[0m  BEGIN
  [1m[36mSQL (11.2ms)[0m  [1mINSERT INTO `log_users` (`created_at`, `updated_at`, `user_id`, `user_money`) VALUES ('2014-06-17 16:44:16', '2014-06-17 16:44:16', 171, 900)[0m
  [1m[35m (0.4ms)[0m  COMMIT
  [1m[36mUser Load (0.2ms)[0m  [1mSELECT `users`.* FROM `users` WHERE `users`.`id` = 172 LIMIT 1[0m
  [1m[35m (0.3ms)[0m  SELECT SUM(stocks.money*stock_amounts) AS sum_id FROM `user_stocks` INNER JOIN `stocks` ON `stocks`.`id` = `user_stocks`.`stock_id` WHERE `user_stocks`.`user_id` = 172 AND `user_stocks`.`is_settled` = 0
  [1m[36m (0.1ms)[0m  [1mBEGIN[0m
  [1m[35mSQL (12.3ms)[0m  INSERT INTO `log_users` (`created_at`, `updated_at`, `user_id`, `user_money`) VALUES ('2014-06-17 16:44:16', '2014-06-17 16:44:16', 172, 1000)
  [1m[36m (7.6ms)[0m  [1mCOMMIT[0m
  [1m[36mUser Load (0.3ms)[0m  [1mSELECT `users`.* FROM `users`[0m
  [1m[35mUser Load (0.4ms)[0m  SELECT `users`.* FROM `users` ORDER BY `users`.`id` ASC LIMIT 1
  [1m[36mLogUser Load (0.3ms)[0m  [1mSELECT user_money FROM `log_users` WHERE (user_id = 156) ORDER BY created_at desc LIMIT 1[0m
  [1m[35mUser Load (0.4ms)[0m  SELECT `users`.* FROM `users` ORDER BY `users`.`id` ASC LIMIT 1
  [1m[36mLogUser Load (0.3ms)[0m  [1mSELECT user_money FROM `log_users` WHERE (user_id = 156) ORDER BY created_at desc LIMIT 1[0m
  [1m[35mUser Load (0.4ms)[0m  SELECT `users`.* FROM `users`
  [1m[36mUser Load (0.4ms)[0m  [1mSELECT `users`.* FROM `users`[0m
  [1m[36mLogUser Load (0.2ms)[0m  [1mSELECT `log_users`.* FROM `log_users` WHERE (created_at = '2014-06-17')[0m
  [1m[35mLogUser Load (0.4ms)[0m  SELECT `log_users`.* FROM `log_users` WHERE (created_at = '2014-06-17')
  [1m[36mLogUser Load (5.5ms)[0m  [1mSELECT `log_users`.* FROM `log_users` WHERE (created_at = '2014-06-17')[0m
  [1m[35mLogUser Load (10.3ms)[0m  SELECT `log_users`.* FROM `log_users` WHERE (created_at > 2014-06-17)
  [1m[36mLogUser Load (0.3ms)[0m  [1mSELECT `log_users`.* FROM `log_users` WHERE (DATE_FORMAT(created_at, '%Y-%m-%d') = '2014-06-17')[0m
  [1m[35mLogUser Load (4.3ms)[0m  SELECT `log_users`.* FROM `log_users` WHERE (DATE_FORMAT(created_at, '%Y-%m-%d') = '2014-06-17') GROUP BY user_id
  [1m[36mLogUser Load (3.7ms)[0m  [1mSELECT `log_users`.* FROM `log_users` WHERE (DATE_FORMAT(created_at, '%Y-%m-%d') = '2014-06-17') GROUP BY user_id[0m
  [1m[35mLogUser Load (0.6ms)[0m  SELECT `log_users`.* FROM `log_users` WHERE (DATE_FORMAT(created_at, '%Y-%m-%d') = '2014-06-17') GROUP BY user_id ORDER BY user_money desc
  [1m[36mLogUser Load (0.4ms)[0m  [1mSELECT `log_users`.* FROM `log_users` WHERE (DATE_FORMAT(created_at, '%Y-%m-%d') = '2014-06-17') GROUP BY user_id ORDER BY user_money desc[0m
  [1m[36mLogUser Load (0.5ms)[0m  [1mSELECT log_users.*, @rownum := @rownum + 1 as rank FROM log_users,(select @rownum := 0) b WHERE (DATE_FORMAT(created_at, '%Y-%m-%d') = '2014-06-17') GROUP BY user_id ORDER BY user_money desc[0m
  [1m[36mLogUser Load (0.5ms)[0m  [1mSELECT log_users.user_id = 156 as is_me, log_users.*, @rownum := @rownum + 1 as rank FROM log_users,(select @rownum := 0) b WHERE (DATE_FORMAT(created_at, '%Y-%m-%d') = '2014-06-17') GROUP BY user_id ORDER BY user_money desc[0m
  [1m[35mLogUser Load (0.7ms)[0m  SELECT log_users.user_id = 156 as is_me, log_users.*, @rownum := @rownum + 1 as rank FROM log_users,(select @rownum := 0) b WHERE (DATE_FORMAT(created_at, '%Y-%m-%d') = '2014-06-17') GROUP BY user_id ORDER BY user_money desc
  [1m[36mLogUser Load (0.7ms)[0m  [1mSELECT log_users.user_id = 156 as is_me, log_users.*, @rownum := @rownum + 1 as rank FROM log_users,(select @rownum := 0) b WHERE (DATE_FORMAT(created_at, '%Y-%m-%d') = '2014-06-17') GROUP BY user_id ORDER BY user_money desc[0m
  [1m[35mLogUser Load (0.7ms)[0m  SELECT log_users.user_id = 156 as is_me, log_users.*, @rownum := @rownum + 1 as rank FROM log_users,(select @rownum := 0) b WHERE (DATE_FORMAT(created_at, '%Y-%m-%d') = '2014-06-17') GROUP BY user_id ORDER BY user_money desc
  [1m[36mLogUser Load (0.7ms)[0m  [1mSELECT log_users.user_id = 156 as is_me, log_users.*, @rownum := @rownum + 1 as rank FROM log_users,(select @rownum := 0) b WHERE (DATE_FORMAT(created_at, '%Y-%m-%d') = '2014-06-17') GROUP BY user_id ORDER BY user_money desc[0m
  [1m[35mLogUser Load (0.6ms)[0m  SELECT log_users.user_id = 156 as is_me, log_users.*, @rownum := @rownum + 1 as rank FROM log_users,(select @rownum := 0) b WHERE (DATE_FORMAT(created_at, '%Y-%m-%d') = '2014-06-17') GROUP BY user_id ORDER BY user_money desc LIMIT 1
  [1m[36mLogUser Load (0.5ms)[0m  [1mSELECT log_users.user_id = 156 as is_me, log_users.*, @rownum := @rownum + 1 as rank FROM log_users,(select @rownum := 0) b WHERE (DATE_FORMAT(created_at, '%Y-%m-%d') = '2014-06-17') GROUP BY user_id ORDER BY user_money desc LIMIT 1[0m
  [1m[35mLogUser Load (0.7ms)[0m  SELECT log_users.user_id = 156 as is_me, log_users.*, @rownum := @rownum + 1 as rank FROM log_users,(select @rownum := 0) b WHERE (DATE_FORMAT(created_at, '%Y-%m-%d') = '2014-06-17') GROUP BY user_id ORDER BY user_money desc LIMIT 1
  [1m[36mLogUser Load (0.5ms)[0m  [1mSELECT log_users.user_id = 156 as is_me, log_users.*, @rownum := @rownum + 1 as rank FROM log_users,(select @rownum := 0) b WHERE (DATE_FORMAT(created_at, '%Y-%m-%d') = '2014-06-17') GROUP BY user_id ORDER BY user_money desc LIMIT 1[0m
  [1m[35mLogUser Load (0.6ms)[0m  SELECT log_users.user_id = 156 as is_me, log_users.*, @rownum := @rownum + 1 as rank FROM log_users,(select @rownum := 0) b WHERE (DATE_FORMAT(created_at, '%Y-%m-%d') = '2014-06-17') GROUP BY user_id ORDER BY user_money desc LIMIT 1
  [1m[36mLogUser Load (0.7ms)[0m  [1mSELECT log_users.user_id = 154 as is_me, log_users.*, @rownum := @rownum + 1 as rank FROM log_users,(select @rownum := 0) b WHERE (DATE_FORMAT(created_at, '%Y-%m-%d') = '2014-06-17') GROUP BY user_id ORDER BY user_money desc LIMIT 1[0m
  [1m[36mUser Load (0.3ms)[0m  [1mSELECT `users`.* FROM `users`[0m
  [1m[35mUser Load (0.3ms)[0m  SELECT `users`.* FROM `users` WHERE `users`.`id` = 156 LIMIT 1
  [1m[36m (0.3ms)[0m  [1mSELECT SUM(stocks.money*stock_amounts) AS sum_id FROM `user_stocks` INNER JOIN `stocks` ON `stocks`.`id` = `user_stocks`.`stock_id` WHERE `user_stocks`.`user_id` = 156 AND `user_stocks`.`is_settled` = 0[0m
  [1m[35m (0.1ms)[0m  BEGIN
  [1m[36mSQL (1.5ms)[0m  [1mINSERT INTO `log_users` (`created_at`, `updated_at`, `user_id`, `user_money`) VALUES ('2014-06-18 09:00:31', '2014-06-18 09:00:31', 156, 33443604)[0m
  [1m[35m (6.7ms)[0m  COMMIT
  [1m[36mUser Load (0.3ms)[0m  [1mSELECT `users`.* FROM `users` WHERE `users`.`id` = 162 LIMIT 1[0m
  [1m[35m (0.2ms)[0m  SELECT SUM(stocks.money*stock_amounts) AS sum_id FROM `user_stocks` INNER JOIN `stocks` ON `stocks`.`id` = `user_stocks`.`stock_id` WHERE `user_stocks`.`user_id` = 162 AND `user_stocks`.`is_settled` = 0
  [1m[36m (0.1ms)[0m  [1mBEGIN[0m
  [1m[35mSQL (0.8ms)[0m  INSERT INTO `log_users` (`created_at`, `updated_at`, `user_id`, `user_money`) VALUES ('2014-06-18 09:00:31', '2014-06-18 09:00:31', 162, 1000)
  [1m[36m (0.4ms)[0m  [1mCOMMIT[0m
  [1m[35mUser Load (0.2ms)[0m  SELECT `users`.* FROM `users` WHERE `users`.`id` = 163 LIMIT 1
  [1m[36m (0.3ms)[0m  [1mSELECT SUM(stocks.money*stock_amounts) AS sum_id FROM `user_stocks` INNER JOIN `stocks` ON `stocks`.`id` = `user_stocks`.`stock_id` WHERE `user_stocks`.`user_id` = 163 AND `user_stocks`.`is_settled` = 0[0m
  [1m[35m (0.1ms)[0m  BEGIN
  [1m[36mSQL (9.0ms)[0m  [1mINSERT INTO `log_users` (`created_at`, `updated_at`, `user_id`, `user_money`) VALUES ('2014-06-18 09:00:31', '2014-06-18 09:00:31', 163, 1000)[0m
  [1m[35m (0.5ms)[0m  COMMIT
  [1m[36mUser Load (0.2ms)[0m  [1mSELECT `users`.* FROM `users` WHERE `users`.`id` = 164 LIMIT 1[0m
  [1m[35m (0.3ms)[0m  SELECT SUM(stocks.money*stock_amounts) AS sum_id FROM `user_stocks` INNER JOIN `stocks` ON `stocks`.`id` = `user_stocks`.`stock_id` WHERE `user_stocks`.`user_id` = 164 AND `user_stocks`.`is_settled` = 0
  [1m[36m (0.1ms)[0m  [1mBEGIN[0m
  [1m[35mSQL (9.8ms)[0m  INSERT INTO `log_users` (`created_at`, `updated_at`, `user_id`, `user_money`) VALUES ('2014-06-18 09:00:31', '2014-06-18 09:00:31', 164, 988)
  [1m[36m (0.5ms)[0m  [1mCOMMIT[0m
  [1m[35mUser Load (0.2ms)[0m  SELECT `users`.* FROM `users` WHERE `users`.`id` = 165 LIMIT 1
  [1m[36m (0.3ms)[0m  [1mSELECT SUM(stocks.money*stock_amounts) AS sum_id FROM `user_stocks` INNER JOIN `stocks` ON `stocks`.`id` = `user_stocks`.`stock_id` WHERE `user_stocks`.`user_id` = 165 AND `user_stocks`.`is_settled` = 0[0m
  [1m[35m (0.1ms)[0m  BEGIN
  [1m[36mSQL (9.4ms)[0m  [1mINSERT INTO `log_users` (`created_at`, `updated_at`, `user_id`, `user_money`) VALUES ('2014-06-18 09:00:31', '2014-06-18 09:00:31', 165, 1000)[0m
  [1m[35m (11.4ms)[0m  COMMIT
  [1m[36mUser Load (0.2ms)[0m  [1mSELECT `users`.* FROM `users` WHERE `users`.`id` = 166 LIMIT 1[0m
  [1m[35m (0.3ms)[0m  SELECT SUM(stocks.money*stock_amounts) AS sum_id FROM `user_stocks` INNER JOIN `stocks` ON `stocks`.`id` = `user_stocks`.`stock_id` WHERE `user_stocks`.`user_id` = 166 AND `user_stocks`.`is_settled` = 0
  [1m[36m (0.2ms)[0m  [1mBEGIN[0m
  [1m[35mSQL (17.9ms)[0m  INSERT INTO `log_users` (`created_at`, `updated_at`, `user_id`, `user_money`) VALUES ('2014-06-18 09:00:31', '2014-06-18 09:00:31', 166, 1000)
  [1m[36m (0.5ms)[0m  [1mCOMMIT[0m
  [1m[35mUser Load (0.3ms)[0m  SELECT `users`.* FROM `users` WHERE `users`.`id` = 167 LIMIT 1
  [1m[36m (0.3ms)[0m  [1mSELECT SUM(stocks.money*stock_amounts) AS sum_id FROM `user_stocks` INNER JOIN `stocks` ON `stocks`.`id` = `user_stocks`.`stock_id` WHERE `user_stocks`.`user_id` = 167 AND `user_stocks`.`is_settled` = 0[0m
  [1m[35m (0.2ms)[0m  BEGIN
  [1m[36mSQL (0.8ms)[0m  [1mINSERT INTO `log_users` (`created_at`, `updated_at`, `user_id`, `user_money`) VALUES ('2014-06-18 09:00:31', '2014-06-18 09:00:31', 167, 1000)[0m
  [1m[35m (0.5ms)[0m  COMMIT
  [1m[36mUser Load (0.3ms)[0m  [1mSELECT `users`.* FROM `users` WHERE `users`.`id` = 168 LIMIT 1[0m
  [1m[35m (0.3ms)[0m  SELECT SUM(stocks.money*stock_amounts) AS sum_id FROM `user_stocks` INNER JOIN `stocks` ON `stocks`.`id` = `user_stocks`.`stock_id` WHERE `user_stocks`.`user_id` = 168 AND `user_stocks`.`is_settled` = 0
  [1m[36m (0.2ms)[0m  [1mBEGIN[0m
  [1m[35mSQL (12.3ms)[0m  INSERT INTO `log_users` (`created_at`, `updated_at`, `user_id`, `user_money`) VALUES ('2014-06-18 09:00:31', '2014-06-18 09:00:31', 168, 932)
  [1m[36m (0.5ms)[0m  [1mCOMMIT[0m
  [1m[35mUser Load (0.2ms)[0m  SELECT `users`.* FROM `users` WHERE `users`.`id` = 169 LIMIT 1
  [1m[36m (0.2ms)[0m  [1mSELECT SUM(stocks.money*stock_amounts) AS sum_id FROM `user_stocks` INNER JOIN `stocks` ON `stocks`.`id` = `user_stocks`.`stock_id` WHERE `user_stocks`.`user_id` = 169 AND `user_stocks`.`is_settled` = 0[0m
  [1m[35m (0.1ms)[0m  BEGIN
  [1m[36mSQL (12.8ms)[0m  [1mINSERT INTO `log_users` (`created_at`, `updated_at`, `user_id`, `user_money`) VALUES ('2014-06-18 09:00:31', '2014-06-18 09:00:31', 169, 1000)[0m
  [1m[35m (0.5ms)[0m  COMMIT
  [1m[36mUser Load (0.2ms)[0m  [1mSELECT `users`.* FROM `users` WHERE `users`.`id` = 170 LIMIT 1[0m
  [1m[35m (0.2ms)[0m  SELECT SUM(stocks.money*stock_amounts) AS sum_id FROM `user_stocks` INNER JOIN `stocks` ON `stocks`.`id` = `user_stocks`.`stock_id` WHERE `user_stocks`.`user_id` = 170 AND `user_stocks`.`is_settled` = 0
  [1m[36m (0.1ms)[0m  [1mBEGIN[0m
  [1m[35mSQL (0.6ms)[0m  INSERT INTO `log_users` (`created_at`, `updated_at`, `user_id`, `user_money`) VALUES ('2014-06-18 09:00:31', '2014-06-18 09:00:31', 170, 0)
  [1m[36m (0.4ms)[0m  [1mCOMMIT[0m
  [1m[35mUser Load (0.2ms)[0m  SELECT `users`.* FROM `users` WHERE `users`.`id` = 171 LIMIT 1
  [1m[36m (0.3ms)[0m  [1mSELECT SUM(stocks.money*stock_amounts) AS sum_id FROM `user_stocks` INNER JOIN `stocks` ON `stocks`.`id` = `user_stocks`.`stock_id` WHERE `user_stocks`.`user_id` = 171 AND `user_stocks`.`is_settled` = 0[0m
  [1m[35m (0.1ms)[0m  BEGIN
  [1m[36mSQL (8.1ms)[0m  [1mINSERT INTO `log_users` (`created_at`, `updated_at`, `user_id`, `user_money`) VALUES ('2014-06-18 09:00:31', '2014-06-18 09:00:31', 171, 900)[0m
  [1m[35m (0.5ms)[0m  COMMIT
  [1m[36mUser Load (0.2ms)[0m  [1mSELECT `users`.* FROM `users` WHERE `users`.`id` = 172 LIMIT 1[0m
  [1m[35m (0.3ms)[0m  SELECT SUM(stocks.money*stock_amounts) AS sum_id FROM `user_stocks` INNER JOIN `stocks` ON `stocks`.`id` = `user_stocks`.`stock_id` WHERE `user_stocks`.`user_id` = 172 AND `user_stocks`.`is_settled` = 0
  [1m[36m (0.1ms)[0m  [1mBEGIN[0m
  [1m[35mSQL (1.5ms)[0m  INSERT INTO `log_users` (`created_at`, `updated_at`, `user_id`, `user_money`) VALUES ('2014-06-18 09:00:31', '2014-06-18 09:00:31', 172, 1000)
  [1m[36m (0.4ms)[0m  [1mCOMMIT[0m
  [1m[36mUser Load (0.3ms)[0m  [1mSELECT `users`.* FROM `users`[0m
  [1m[35mUser Load (0.2ms)[0m  SELECT `users`.* FROM `users` WHERE `users`.`id` = 156 LIMIT 1
  [1m[36m (0.3ms)[0m  [1mSELECT SUM(stocks.money*stock_amounts) AS sum_id FROM `user_stocks` INNER JOIN `stocks` ON `stocks`.`id` = `user_stocks`.`stock_id` WHERE `user_stocks`.`user_id` = 156 AND `user_stocks`.`is_settled` = 0[0m
  [1m[35m (0.1ms)[0m  BEGIN
  [1m[36mSQL (0.2ms)[0m  [1mINSERT INTO `log_users` (`created_at`, `updated_at`, `user_id`, `user_money`) VALUES ('2014-06-18 15:56:41', '2014-06-18 15:56:41', 156, 37976350)[0m
  [1m[35m (2.4ms)[0m  COMMIT
  [1m[36mUser Load (0.2ms)[0m  [1mSELECT `users`.* FROM `users` WHERE `users`.`id` = 162 LIMIT 1[0m
  [1m[35m (0.2ms)[0m  SELECT SUM(stocks.money*stock_amounts) AS sum_id FROM `user_stocks` INNER JOIN `stocks` ON `stocks`.`id` = `user_stocks`.`stock_id` WHERE `user_stocks`.`user_id` = 162 AND `user_stocks`.`is_settled` = 0
  [1m[36m (0.1ms)[0m  [1mBEGIN[0m
  [1m[35mSQL (0.5ms)[0m  INSERT INTO `log_users` (`created_at`, `updated_at`, `user_id`, `user_money`) VALUES ('2014-06-18 15:56:41', '2014-06-18 15:56:41', 162, 1000)
  [1m[36m (0.4ms)[0m  [1mCOMMIT[0m
  [1m[35mUser Load (0.2ms)[0m  SELECT `users`.* FROM `users` WHERE `users`.`id` = 163 LIMIT 1
  [1m[36m (0.2ms)[0m  [1mSELECT SUM(stocks.money*stock_amounts) AS sum_id FROM `user_stocks` INNER JOIN `stocks` ON `stocks`.`id` = `user_stocks`.`stock_id` WHERE `user_stocks`.`user_id` = 163 AND `user_stocks`.`is_settled` = 0[0m
  [1m[35m (0.1ms)[0m  BEGIN
  [1m[36mSQL (1.4ms)[0m  [1mINSERT INTO `log_users` (`created_at`, `updated_at`, `user_id`, `user_money`) VALUES ('2014-06-18 15:56:41', '2014-06-18 15:56:41', 163, 1000)[0m
  [1m[35m (0.4ms)[0m  COMMIT
  [1m[36mUser Load (0.2ms)[0m  [1mSELECT `users`.* FROM `users` WHERE `users`.`id` = 164 LIMIT 1[0m
  [1m[35m (0.2ms)[0m  SELECT SUM(stocks.money*stock_amounts) AS sum_id FROM `user_stocks` INNER JOIN `stocks` ON `stocks`.`id` = `user_stocks`.`stock_id` WHERE `user_stocks`.`user_id` = 164 AND `user_stocks`.`is_settled` = 0
  [1m[36m (0.1ms)[0m  [1mBEGIN[0m
  [1m[35mSQL (0.4ms)[0m  INSERT INTO `log_users` (`created_at`, `updated_at`, `user_id`, `user_money`) VALUES ('2014-06-18 15:56:41', '2014-06-18 15:56:41', 164, 988)
  [1m[36m (0.4ms)[0m  [1mCOMMIT[0m
  [1m[35mUser Load (0.2ms)[0m  SELECT `users`.* FROM `users` WHERE `users`.`id` = 165 LIMIT 1
  [1m[36m (0.2ms)[0m  [1mSELECT SUM(stocks.money*stock_amounts) AS sum_id FROM `user_stocks` INNER JOIN `stocks` ON `stocks`.`id` = `user_stocks`.`stock_id` WHERE `user_stocks`.`user_id` = 165 AND `user_stocks`.`is_settled` = 0[0m
  [1m[35m (0.1ms)[0m  BEGIN
  [1m[36mSQL (1.2ms)[0m  [1mINSERT INTO `log_users` (`created_at`, `updated_at`, `user_id`, `user_money`) VALUES ('2014-06-18 15:56:41', '2014-06-18 15:56:41', 165, 1000)[0m
  [1m[35m (0.5ms)[0m  COMMIT
  [1m[36mUser Load (0.2ms)[0m  [1mSELECT `users`.* FROM `users` WHERE `users`.`id` = 166 LIMIT 1[0m
  [1m[35m (0.2ms)[0m  SELECT SUM(stocks.money*stock_amounts) AS sum_id FROM `user_stocks` INNER JOIN `stocks` ON `stocks`.`id` = `user_stocks`.`stock_id` WHERE `user_stocks`.`user_id` = 166 AND `user_stocks`.`is_settled` = 0
  [1m[36m (0.1ms)[0m  [1mBEGIN[0m
  [1m[35mSQL (0.7ms)[0m  INSERT INTO `log_users` (`created_at`, `updated_at`, `user_id`, `user_money`) VALUES ('2014-06-18 15:56:41', '2014-06-18 15:56:41', 166, 1000)
  [1m[36m (0.4ms)[0m  [1mCOMMIT[0m
  [1m[35mUser Load (0.2ms)[0m  SELECT `users`.* FROM `users` WHERE `users`.`id` = 167 LIMIT 1
  [1m[36m (0.2ms)[0m  [1mSELECT SUM(stocks.money*stock_amounts) AS sum_id FROM `user_stocks` INNER JOIN `stocks` ON `stocks`.`id` = `user_stocks`.`stock_id` WHERE `user_stocks`.`user_id` = 167 AND `user_stocks`.`is_settled` = 0[0m
  [1m[35m (0.1ms)[0m  BEGIN
  [1m[36mSQL (1.4ms)[0m  [1mINSERT INTO `log_users` (`created_at`, `updated_at`, `user_id`, `user_money`) VALUES ('2014-06-18 15:56:41', '2014-06-18 15:56:41', 167, 1000)[0m
  [1m[35m (0.5ms)[0m  COMMIT
  [1m[36mUser Load (0.2ms)[0m  [1mSELECT `users`.* FROM `users` WHERE `users`.`id` = 168 LIMIT 1[0m
  [1m[35m (0.2ms)[0m  SELECT SUM(stocks.money*stock_amounts) AS sum_id FROM `user_stocks` INNER JOIN `stocks` ON `stocks`.`id` = `user_stocks`.`stock_id` WHERE `user_stocks`.`user_id` = 168 AND `user_stocks`.`is_settled` = 0
  [1m[36m (0.1ms)[0m  [1mBEGIN[0m
  [1m[35mSQL (0.8ms)[0m  INSERT INTO `log_users` (`created_at`, `updated_at`, `user_id`, `user_money`) VALUES ('2014-06-18 15:56:41', '2014-06-18 15:56:41', 168, 932)
  [1m[36m (0.5ms)[0m  [1mCOMMIT[0m
  [1m[35mUser Load (0.2ms)[0m  SELECT `users`.* FROM `users` WHERE `users`.`id` = 169 LIMIT 1
  [1m[36m (0.2ms)[0m  [1mSELECT SUM(stocks.money*stock_amounts) AS sum_id FROM `user_stocks` INNER JOIN `stocks` ON `stocks`.`id` = `user_stocks`.`stock_id` WHERE `user_stocks`.`user_id` = 169 AND `user_stocks`.`is_settled` = 0[0m
  [1m[35m (0.1ms)[0m  BEGIN
  [1m[36mSQL (0.7ms)[0m  [1mINSERT INTO `log_users` (`created_at`, `updated_at`, `user_id`, `user_money`) VALUES ('2014-06-18 15:56:41', '2014-06-18 15:56:41', 169, 1000)[0m
  [1m[35m (0.5ms)[0m  COMMIT
  [1m[36mUser Load (0.2ms)[0m  [1mSELECT `users`.* FROM `users` WHERE `users`.`id` = 170 LIMIT 1[0m
  [1m[35m (0.2ms)[0m  SELECT SUM(stocks.money*stock_amounts) AS sum_id FROM `user_stocks` INNER JOIN `stocks` ON `stocks`.`id` = `user_stocks`.`stock_id` WHERE `user_stocks`.`user_id` = 170 AND `user_stocks`.`is_settled` = 0
  [1m[36m (0.1ms)[0m  [1mBEGIN[0m
  [1m[35mSQL (9.5ms)[0m  INSERT INTO `log_users` (`created_at`, `updated_at`, `user_id`, `user_money`) VALUES ('2014-06-18 15:56:41', '2014-06-18 15:56:41', 170, 0)
  [1m[36m (0.5ms)[0m  [1mCOMMIT[0m
  [1m[35mUser Load (0.2ms)[0m  SELECT `users`.* FROM `users` WHERE `users`.`id` = 171 LIMIT 1
  [1m[36m (0.2ms)[0m  [1mSELECT SUM(stocks.money*stock_amounts) AS sum_id FROM `user_stocks` INNER JOIN `stocks` ON `stocks`.`id` = `user_stocks`.`stock_id` WHERE `user_stocks`.`user_id` = 171 AND `user_stocks`.`is_settled` = 0[0m
  [1m[35m (0.1ms)[0m  BEGIN
  [1m[36mSQL (0.9ms)[0m  [1mINSERT INTO `log_users` (`created_at`, `updated_at`, `user_id`, `user_money`) VALUES ('2014-06-18 15:56:41', '2014-06-18 15:56:41', 171, 800)[0m
  [1m[35m (0.5ms)[0m  COMMIT
  [1m[36mUser Load (0.2ms)[0m  [1mSELECT `users`.* FROM `users` WHERE `users`.`id` = 172 LIMIT 1[0m
  [1m[35m (0.3ms)[0m  SELECT SUM(stocks.money*stock_amounts) AS sum_id FROM `user_stocks` INNER JOIN `stocks` ON `stocks`.`id` = `user_stocks`.`stock_id` WHERE `user_stocks`.`user_id` = 172 AND `user_stocks`.`is_settled` = 0
  [1m[36m (0.1ms)[0m  [1mBEGIN[0m
  [1m[35mSQL (10.6ms)[0m  INSERT INTO `log_users` (`created_at`, `updated_at`, `user_id`, `user_money`) VALUES ('2014-06-18 15:56:41', '2014-06-18 15:56:41', 172, 1000)
  [1m[36m (0.5ms)[0m  [1mCOMMIT[0m
  [1m[36mStock Load (0.3ms)[0m  [1mSELECT `stocks`.* FROM `stocks` INNER JOIN `issues` ON `issues`.`id` = `stocks`.`issue_id` WHERE (end_date >= CURDATE() AND is_closed = 0)[0m
  [1m[35m (1.0ms)[0m  SELECT COUNT(*) FROM `log_user_stocks` WHERE (DATE_FORMAT(created_at, '%Y-%m-%d') = '2014-06-20' AND stock_id = 40) AND (stock_type = 1)
  [1m[36m (0.2ms)[0m  [1mSELECT COUNT(*) FROM `log_user_stocks` WHERE (DATE_FORMAT(created_at, '%Y-%m-%d') = '2014-06-20' AND stock_id = 40) AND (stock_type = 2)[0m
  [1m[35m (0.1ms)[0m  BEGIN
  [1m[36mSQL (11.7ms)[0m  [1mINSERT INTO `log_stocks` (`created_at`, `stock_buying`, `stock_id`, `stock_money`, `updated_at`) VALUES ('2014-06-20 16:53:24', 3, 40, 254, '2014-06-20 16:53:24')[0m
  [1m[35m (2.5ms)[0m  COMMIT
  [1m[36m (0.2ms)[0m  [1mSELECT COUNT(*) FROM `log_user_stocks` WHERE (DATE_FORMAT(created_at, '%Y-%m-%d') = '2014-06-20' AND stock_id = 41) AND (stock_type = 1)[0m
  [1m[35m (0.2ms)[0m  SELECT COUNT(*) FROM `log_user_stocks` WHERE (DATE_FORMAT(created_at, '%Y-%m-%d') = '2014-06-20' AND stock_id = 41) AND (stock_type = 2)
  [1m[36m (0.1ms)[0m  [1mBEGIN[0m
  [1m[35mSQL (0.8ms)[0m  INSERT INTO `log_stocks` (`created_at`, `stock_id`, `stock_money`, `updated_at`) VALUES ('2014-06-20 16:53:24', 41, 1000, '2014-06-20 16:53:24')
  [1m[36m (0.4ms)[0m  [1mCOMMIT[0m
  [1m[35mUser Load (0.2ms)[0m  SELECT `users`.* FROM `users`
  [1m[36mUser Load (0.3ms)[0m  [1mSELECT `users`.* FROM `users` WHERE `users`.`id` = 174 LIMIT 1[0m
  [1m[35m (1.7ms)[0m  SELECT SUM(stocks.money*stock_amounts) AS sum_id FROM `user_stocks` INNER JOIN `stocks` ON `stocks`.`id` = `user_stocks`.`stock_id` WHERE `user_stocks`.`user_id` = 174 AND `user_stocks`.`is_settled` = 0
  [1m[36m (0.1ms)[0m  [1mBEGIN[0m
  [1m[35mSQL (6.1ms)[0m  INSERT INTO `log_users` (`created_at`, `updated_at`, `user_id`, `user_money`) VALUES ('2014-06-20 16:53:29', '2014-06-20 16:53:29', 174, 1507)
  [1m[36m (1.9ms)[0m  [1mCOMMIT[0m
  [1m[35mUser Load (0.2ms)[0m  SELECT `users`.* FROM `users` WHERE `users`.`id` = 175 LIMIT 1
  [1m[36m (0.3ms)[0m  [1mSELECT SUM(stocks.money*stock_amounts) AS sum_id FROM `user_stocks` INNER JOIN `stocks` ON `stocks`.`id` = `user_stocks`.`stock_id` WHERE `user_stocks`.`user_id` = 175 AND `user_stocks`.`is_settled` = 0[0m
  [1m[35m (0.1ms)[0m  BEGIN
  [1m[36mSQL (8.8ms)[0m  [1mINSERT INTO `log_users` (`created_at`, `updated_at`, `user_id`, `user_money`) VALUES ('2014-06-20 16:53:29', '2014-06-20 16:53:29', 175, 126154)[0m
  [1m[35m (0.4ms)[0m  COMMIT
  [1m[36mUser Load (0.2ms)[0m  [1mSELECT `users`.* FROM `users`[0m
  [1m[35mUser Load (0.3ms)[0m  SELECT `users`.* FROM `users` WHERE `users`.`id` = 174 LIMIT 1
  [1m[36m (0.3ms)[0m  [1mSELECT SUM(stocks.money*stock_amounts) AS sum_id FROM `user_stocks` INNER JOIN `stocks` ON `stocks`.`id` = `user_stocks`.`stock_id` WHERE `user_stocks`.`user_id` = 174 AND `user_stocks`.`is_settled` = 0[0m
  [1m[35m (0.1ms)[0m  BEGIN
  [1m[36mSQL (0.2ms)[0m  [1mINSERT INTO `log_users` (`created_at`, `updated_at`, `user_id`, `user_money`) VALUES ('2014-06-20 17:01:54', '2014-06-20 17:01:54', 174, 5245)[0m
  [1m[35m (2.7ms)[0m  COMMIT
  [1m[36mUser Load (0.2ms)[0m  [1mSELECT `users`.* FROM `users` WHERE `users`.`id` = 175 LIMIT 1[0m
  [1m[35m (0.2ms)[0m  SELECT SUM(stocks.money*stock_amounts) AS sum_id FROM `user_stocks` INNER JOIN `stocks` ON `stocks`.`id` = `user_stocks`.`stock_id` WHERE `user_stocks`.`user_id` = 175 AND `user_stocks`.`is_settled` = 0
  [1m[36m (0.1ms)[0m  [1mBEGIN[0m
  [1m[35mSQL (5.9ms)[0m  INSERT INTO `log_users` (`created_at`, `updated_at`, `user_id`, `user_money`) VALUES ('2014-06-20 17:01:54', '2014-06-20 17:01:54', 175, 126154)
  [1m[36m (0.4ms)[0m  [1mCOMMIT[0m
  [1m[36mStock Load (0.5ms)[0m  [1mSELECT `stocks`.* FROM `stocks` INNER JOIN `issues` ON `issues`.`id` = `stocks`.`issue_id` WHERE (end_date >= CURDATE() AND is_closed = 0)[0m
  [1m[35m (0.2ms)[0m  SELECT COUNT(*) FROM `log_user_stocks` WHERE (DATE_FORMAT(created_at, '%Y-%m-%d') = '2014-06-21' AND stock_id = 42) AND (stock_type = 1)
  [1m[36m (0.2ms)[0m  [1mSELECT COUNT(*) FROM `log_user_stocks` WHERE (DATE_FORMAT(created_at, '%Y-%m-%d') = '2014-06-21' AND stock_id = 42) AND (stock_type = 2)[0m
  [1m[35m (0.1ms)[0m  BEGIN
  [1m[36mSQL (8.3ms)[0m  [1mINSERT INTO `log_stocks` (`created_at`, `stock_id`, `stock_money`, `updated_at`) VALUES ('2014-06-21 11:44:38', 42, 500, '2014-06-21 11:44:38')[0m
  [1m[35m (4.3ms)[0m  COMMIT
  [1m[36m (0.2ms)[0m  [1mSELECT COUNT(*) FROM `log_user_stocks` WHERE (DATE_FORMAT(created_at, '%Y-%m-%d') = '2014-06-21' AND stock_id = 43) AND (stock_type = 1)[0m
  [1m[35m (0.2ms)[0m  SELECT COUNT(*) FROM `log_user_stocks` WHERE (DATE_FORMAT(created_at, '%Y-%m-%d') = '2014-06-21' AND stock_id = 43) AND (stock_type = 2)
  [1m[36m (0.1ms)[0m  [1mBEGIN[0m
  [1m[35mSQL (0.5ms)[0m  INSERT INTO `log_stocks` (`created_at`, `stock_id`, `stock_money`, `updated_at`) VALUES ('2014-06-21 11:44:38', 43, 500, '2014-06-21 11:44:38')
  [1m[36m (0.4ms)[0m  [1mCOMMIT[0m
  [1m[36mUser Load (0.3ms)[0m  [1mSELECT `users`.* FROM `users`[0m
  [1m[35mUser Load (0.2ms)[0m  SELECT `users`.* FROM `users` WHERE `users`.`id` = 174 LIMIT 1
  [1m[36m (0.3ms)[0m  [1mSELECT SUM(stocks.money*stock_amounts) AS sum_id FROM `user_stocks` INNER JOIN `stocks` ON `stocks`.`id` = `user_stocks`.`stock_id` WHERE `user_stocks`.`user_id` = 174 AND `user_stocks`.`is_settled` = 0[0m
  [1m[35m (0.1ms)[0m  BEGIN
  [1m[36mSQL (12.5ms)[0m  [1mINSERT INTO `log_users` (`created_at`, `updated_at`, `user_id`, `user_money`) VALUES ('2014-06-21 11:59:27', '2014-06-21 11:59:27', 174, 2705)[0m
  [1m[35m (3.1ms)[0m  COMMIT
  [1m[36mUser Load (0.2ms)[0m  [1mSELECT `users`.* FROM `users` WHERE `users`.`id` = 175 LIMIT 1[0m
  [1m[35m (0.3ms)[0m  SELECT SUM(stocks.money*stock_amounts) AS sum_id FROM `user_stocks` INNER JOIN `stocks` ON `stocks`.`id` = `user_stocks`.`stock_id` WHERE `user_stocks`.`user_id` = 175 AND `user_stocks`.`is_settled` = 0
  [1m[36m (0.1ms)[0m  [1mBEGIN[0m
  [1m[35mSQL (15.2ms)[0m  INSERT INTO `log_users` (`created_at`, `updated_at`, `user_id`, `user_money`) VALUES ('2014-06-21 11:59:27', '2014-06-21 11:59:27', 175, 204466)
  [1m[36m (0.5ms)[0m  [1mCOMMIT[0m
  [1m[35mUser Load (0.2ms)[0m  SELECT `users`.* FROM `users` WHERE `users`.`id` = 176 LIMIT 1
  [1m[36m (0.2ms)[0m  [1mSELECT SUM(stocks.money*stock_amounts) AS sum_id FROM `user_stocks` INNER JOIN `stocks` ON `stocks`.`id` = `user_stocks`.`stock_id` WHERE `user_stocks`.`user_id` = 176 AND `user_stocks`.`is_settled` = 0[0m
  [1m[35m (0.1ms)[0m  BEGIN
  [1m[36mSQL (8.9ms)[0m  [1mINSERT INTO `log_users` (`created_at`, `updated_at`, `user_id`, `user_money`) VALUES ('2014-06-21 11:59:27', '2014-06-21 11:59:27', 176, 1000)[0m
  [1m[35m (0.5ms)[0m  COMMIT
  [1m[36mUser Load (0.3ms)[0m  [1mSELECT `users`.* FROM `users` WHERE `users`.`id` = 177 LIMIT 1[0m
  [1m[35m (0.3ms)[0m  SELECT SUM(stocks.money*stock_amounts) AS sum_id FROM `user_stocks` INNER JOIN `stocks` ON `stocks`.`id` = `user_stocks`.`stock_id` WHERE `user_stocks`.`user_id` = 177 AND `user_stocks`.`is_settled` = 0
  [1m[36m (0.1ms)[0m  [1mBEGIN[0m
  [1m[35mSQL (0.8ms)[0m  INSERT INTO `log_users` (`created_at`, `updated_at`, `user_id`, `user_money`) VALUES ('2014-06-21 11:59:27', '2014-06-21 11:59:27', 177, 5920)
  [1m[36m (0.4ms)[0m  [1mCOMMIT[0m
  [1m[36mLogUser Load (0.5ms)[0m  [1mSELECT users.name, log_users.user_id = 177 as is_me, 
 log_users.*, @rownum := @rownum + 1 as rank FROM (select @rownum := 0) b, log_users INNER JOIN `users` ON `users`.`id` = `log_users`.`user_id` WHERE (DATE_FORMAT(created_at, '%Y-%m-%d') = '2014-06-21') ORDER BY user_money desc[0m
  [1m[36mStock Load (0.4ms)[0m  [1mSELECT `stocks`.* FROM `stocks` INNER JOIN `issues` ON `issues`.`id` = `stocks`.`issue_id` WHERE (end_date >= CURDATE() AND is_closed = 0)[0m
  [1m[35m (4.8ms)[0m  SELECT COUNT(*) FROM `log_user_stocks` WHERE (DATE_FORMAT(created_at, '%Y-%m-%d') = '2014-06-22' AND stock_id = 42) AND (stock_type = 1)
  [1m[36m (0.3ms)[0m  [1mSELECT COUNT(*) FROM `log_user_stocks` WHERE (DATE_FORMAT(created_at, '%Y-%m-%d') = '2014-06-22' AND stock_id = 42) AND (stock_type = 2)[0m
  [1m[35m (0.1ms)[0m  BEGIN
  [1m[36mSQL (8.6ms)[0m  [1mINSERT INTO `log_stocks` (`created_at`, `stock_buying`, `stock_id`, `stock_money`, `updated_at`) VALUES ('2014-06-22 11:50:20', 2, 42, 541, '2014-06-22 11:50:20')[0m
  [1m[35m (5.0ms)[0m  COMMIT
  [1m[36m (0.3ms)[0m  [1mSELECT COUNT(*) FROM `log_user_stocks` WHERE (DATE_FORMAT(created_at, '%Y-%m-%d') = '2014-06-22' AND stock_id = 43) AND (stock_type = 1)[0m
  [1m[35m (0.2ms)[0m  SELECT COUNT(*) FROM `log_user_stocks` WHERE (DATE_FORMAT(created_at, '%Y-%m-%d') = '2014-06-22' AND stock_id = 43) AND (stock_type = 2)
  [1m[36m (0.1ms)[0m  [1mBEGIN[0m
  [1m[35mSQL (0.2ms)[0m  INSERT INTO `log_stocks` (`created_at`, `stock_id`, `stock_money`, `updated_at`) VALUES ('2014-06-22 11:50:20', 43, 242, '2014-06-22 11:50:20')
  [1m[36m (0.4ms)[0m  [1mCOMMIT[0m
  [1m[35m (0.2ms)[0m  SELECT COUNT(*) FROM `log_user_stocks` WHERE (DATE_FORMAT(created_at, '%Y-%m-%d') = '2014-06-22' AND stock_id = 44) AND (stock_type = 1)
  [1m[36m (0.2ms)[0m  [1mSELECT COUNT(*) FROM `log_user_stocks` WHERE (DATE_FORMAT(created_at, '%Y-%m-%d') = '2014-06-22' AND stock_id = 44) AND (stock_type = 2)[0m
  [1m[35m (0.1ms)[0m  BEGIN
  [1m[36mSQL (0.2ms)[0m  [1mINSERT INTO `log_stocks` (`created_at`, `stock_buying`, `stock_id`, `stock_money`, `stock_selling`, `updated_at`) VALUES ('2014-06-22 11:50:20', 2, 44, 10000, 3, '2014-06-22 11:50:20')[0m
  [1m[35m (0.4ms)[0m  COMMIT
  [1m[36m (0.2ms)[0m  [1mSELECT COUNT(*) FROM `log_user_stocks` WHERE (DATE_FORMAT(created_at, '%Y-%m-%d') = '2014-06-22' AND stock_id = 45) AND (stock_type = 1)[0m
  [1m[35m (0.2ms)[0m  SELECT COUNT(*) FROM `log_user_stocks` WHERE (DATE_FORMAT(created_at, '%Y-%m-%d') = '2014-06-22' AND stock_id = 45) AND (stock_type = 2)
  [1m[36m (0.1ms)[0m  [1mBEGIN[0m
  [1m[35mSQL (0.5ms)[0m  INSERT INTO `log_stocks` (`created_at`, `stock_id`, `stock_money`, `updated_at`) VALUES ('2014-06-22 11:50:20', 45, 5000, '2014-06-22 11:50:20')
  [1m[36m (0.4ms)[0m  [1mCOMMIT[0m
  [1m[35m (0.2ms)[0m  SELECT COUNT(*) FROM `log_user_stocks` WHERE (DATE_FORMAT(created_at, '%Y-%m-%d') = '2014-06-22' AND stock_id = 46) AND (stock_type = 1)
  [1m[36m (0.2ms)[0m  [1mSELECT COUNT(*) FROM `log_user_stocks` WHERE (DATE_FORMAT(created_at, '%Y-%m-%d') = '2014-06-22' AND stock_id = 46) AND (stock_type = 2)[0m
  [1m[35m (0.1ms)[0m  BEGIN
  [1m[36mSQL (11.8ms)[0m  [1mINSERT INTO `log_stocks` (`created_at`, `stock_id`, `stock_money`, `updated_at`) VALUES ('2014-06-22 11:50:20', 46, 5000, '2014-06-22 11:50:20')[0m
  [1m[35m (0.6ms)[0m  COMMIT
  [1m[36m (0.2ms)[0m  [1mSELECT COUNT(*) FROM `log_user_stocks` WHERE (DATE_FORMAT(created_at, '%Y-%m-%d') = '2014-06-22' AND stock_id = 47) AND (stock_type = 1)[0m
  [1m[35m (0.2ms)[0m  SELECT COUNT(*) FROM `log_user_stocks` WHERE (DATE_FORMAT(created_at, '%Y-%m-%d') = '2014-06-22' AND stock_id = 47) AND (stock_type = 2)
  [1m[36m (0.1ms)[0m  [1mBEGIN[0m
  [1m[35mSQL (0.2ms)[0m  INSERT INTO `log_stocks` (`created_at`, `stock_id`, `stock_money`, `updated_at`) VALUES ('2014-06-22 11:50:20', 47, 5000, '2014-06-22 11:50:20')
  [1m[36m (0.9ms)[0m  [1mCOMMIT[0m
  [1m[35m (0.2ms)[0m  SELECT COUNT(*) FROM `log_user_stocks` WHERE (DATE_FORMAT(created_at, '%Y-%m-%d') = '2014-06-22' AND stock_id = 48) AND (stock_type = 1)
  [1m[36m (0.2ms)[0m  [1mSELECT COUNT(*) FROM `log_user_stocks` WHERE (DATE_FORMAT(created_at, '%Y-%m-%d') = '2014-06-22' AND stock_id = 48) AND (stock_type = 2)[0m
  [1m[35m (0.1ms)[0m  BEGIN
  [1m[36mSQL (15.2ms)[0m  [1mINSERT INTO `log_stocks` (`created_at`, `stock_id`, `stock_money`, `updated_at`) VALUES ('2014-06-22 11:50:20', 48, 5000, '2014-06-22 11:50:20')[0m
  [1m[35m (0.5ms)[0m  COMMIT
  [1m[36m (0.3ms)[0m  [1mSELECT COUNT(*) FROM `log_user_stocks` WHERE (DATE_FORMAT(created_at, '%Y-%m-%d') = '2014-06-22' AND stock_id = 49) AND (stock_type = 1)[0m
  [1m[35m (0.2ms)[0m  SELECT COUNT(*) FROM `log_user_stocks` WHERE (DATE_FORMAT(created_at, '%Y-%m-%d') = '2014-06-22' AND stock_id = 49) AND (stock_type = 2)
  [1m[36m (0.1ms)[0m  [1mBEGIN[0m
  [1m[35mSQL (5.0ms)[0m  INSERT INTO `log_stocks` (`created_at`, `stock_id`, `stock_money`, `updated_at`) VALUES ('2014-06-22 11:50:20', 49, 5000, '2014-06-22 11:50:20')
  [1m[36m (0.5ms)[0m  [1mCOMMIT[0m
  [1m[35m (0.2ms)[0m  SELECT COUNT(*) FROM `log_user_stocks` WHERE (DATE_FORMAT(created_at, '%Y-%m-%d') = '2014-06-22' AND stock_id = 50) AND (stock_type = 1)
  [1m[36m (0.2ms)[0m  [1mSELECT COUNT(*) FROM `log_user_stocks` WHERE (DATE_FORMAT(created_at, '%Y-%m-%d') = '2014-06-22' AND stock_id = 50) AND (stock_type = 2)[0m
  [1m[35m (0.1ms)[0m  BEGIN
  [1m[36mSQL (0.2ms)[0m  [1mINSERT INTO `log_stocks` (`created_at`, `stock_id`, `stock_money`, `updated_at`) VALUES ('2014-06-22 11:50:20', 50, 5000, '2014-06-22 11:50:20')[0m
  [1m[35m (0.4ms)[0m  COMMIT
  [1m[36m (0.2ms)[0m  [1mSELECT COUNT(*) FROM `log_user_stocks` WHERE (DATE_FORMAT(created_at, '%Y-%m-%d') = '2014-06-22' AND stock_id = 51) AND (stock_type = 1)[0m
  [1m[35m (0.2ms)[0m  SELECT COUNT(*) FROM `log_user_stocks` WHERE (DATE_FORMAT(created_at, '%Y-%m-%d') = '2014-06-22' AND stock_id = 51) AND (stock_type = 2)
  [1m[36m (0.1ms)[0m  [1mBEGIN[0m
  [1m[35mSQL (0.2ms)[0m  INSERT INTO `log_stocks` (`created_at`, `stock_id`, `stock_money`, `updated_at`) VALUES ('2014-06-22 11:50:20', 51, 5000, '2014-06-22 11:50:20')
  [1m[36m (0.4ms)[0m  [1mCOMMIT[0m
  [1m[35m (0.2ms)[0m  SELECT COUNT(*) FROM `log_user_stocks` WHERE (DATE_FORMAT(created_at, '%Y-%m-%d') = '2014-06-22' AND stock_id = 52) AND (stock_type = 1)
  [1m[36m (0.2ms)[0m  [1mSELECT COUNT(*) FROM `log_user_stocks` WHERE (DATE_FORMAT(created_at, '%Y-%m-%d') = '2014-06-22' AND stock_id = 52) AND (stock_type = 2)[0m
  [1m[35m (0.1ms)[0m  BEGIN
  [1m[36mSQL (0.8ms)[0m  [1mINSERT INTO `log_stocks` (`created_at`, `stock_id`, `stock_money`, `updated_at`) VALUES ('2014-06-22 11:50:20', 52, 5000, '2014-06-22 11:50:20')[0m
  [1m[35m (0.5ms)[0m  COMMIT
  [1m[36m (0.2ms)[0m  [1mSELECT COUNT(*) FROM `log_user_stocks` WHERE (DATE_FORMAT(created_at, '%Y-%m-%d') = '2014-06-22' AND stock_id = 53) AND (stock_type = 1)[0m
  [1m[35m (0.2ms)[0m  SELECT COUNT(*) FROM `log_user_stocks` WHERE (DATE_FORMAT(created_at, '%Y-%m-%d') = '2014-06-22' AND stock_id = 53) AND (stock_type = 2)
  [1m[36m (0.1ms)[0m  [1mBEGIN[0m
  [1m[35mSQL (0.8ms)[0m  INSERT INTO `log_stocks` (`created_at`, `stock_id`, `stock_money`, `updated_at`) VALUES ('2014-06-22 11:50:20', 53, 5000, '2014-06-22 11:50:20')
  [1m[36m (2.8ms)[0m  [1mCOMMIT[0m
  [1m[35m (0.2ms)[0m  SELECT COUNT(*) FROM `log_user_stocks` WHERE (DATE_FORMAT(created_at, '%Y-%m-%d') = '2014-06-22' AND stock_id = 54) AND (stock_type = 1)
  [1m[36m (0.2ms)[0m  [1mSELECT COUNT(*) FROM `log_user_stocks` WHERE (DATE_FORMAT(created_at, '%Y-%m-%d') = '2014-06-22' AND stock_id = 54) AND (stock_type = 2)[0m
  [1m[35m (0.1ms)[0m  BEGIN
  [1m[36mSQL (8.2ms)[0m  [1mINSERT INTO `log_stocks` (`created_at`, `stock_id`, `stock_money`, `updated_at`) VALUES ('2014-06-22 11:50:20', 54, 5000, '2014-06-22 11:50:20')[0m
  [1m[35m (0.4ms)[0m  COMMIT
  [1m[36mIssue Load (0.4ms)[0m  [1mSELECT `issues`.* FROM `issues` WHERE (end_date >= CURDATE())[0m
  [1m[35mIssue Load (0.4ms)[0m  SELECT `issues`.* FROM `issues` WHERE (end_date >= CURDATE()) AND `issues`.`id` = 1055 LIMIT 1
  [1m[36mUser Load (0.3ms)[0m  [1mSELECT `users`.* FROM `users`[0m
  [1m[35mUser Load (0.3ms)[0m  SELECT `users`.* FROM `users` WHERE `users`.`id` = 174 LIMIT 1
  [1m[36m (10.0ms)[0m  [1mSELECT SUM(stocks.money*stock_amounts) AS sum_id FROM `user_stocks` INNER JOIN `stocks` ON `stocks`.`id` = `user_stocks`.`stock_id` WHERE `user_stocks`.`user_id` = 174 AND `user_stocks`.`is_settled` = 0[0m
  [1m[35m (0.1ms)[0m  BEGIN
  [1m[36mSQL (13.7ms)[0m  [1mINSERT INTO `log_users` (`created_at`, `updated_at`, `user_id`, `user_money`) VALUES ('2014-06-23 11:44:21', '2014-06-23 11:44:21', 174, 99995)[0m
  [1m[35m (1.9ms)[0m  COMMIT
  [1m[36mUser Load (0.3ms)[0m  [1mSELECT `users`.* FROM `users` WHERE `users`.`id` = 175 LIMIT 1[0m
  [1m[35m (0.3ms)[0m  SELECT SUM(stocks.money*stock_amounts) AS sum_id FROM `user_stocks` INNER JOIN `stocks` ON `stocks`.`id` = `user_stocks`.`stock_id` WHERE `user_stocks`.`user_id` = 175 AND `user_stocks`.`is_settled` = 0
  [1m[36m (0.1ms)[0m  [1mBEGIN[0m
  [1m[35mSQL (10.6ms)[0m  INSERT INTO `log_users` (`created_at`, `updated_at`, `user_id`, `user_money`) VALUES ('2014-06-23 11:44:21', '2014-06-23 11:44:21', 175, 10127999)
  [1m[36m (0.4ms)[0m  [1mCOMMIT[0m
  [1m[35mUser Load (0.2ms)[0m  SELECT `users`.* FROM `users` WHERE `users`.`id` = 176 LIMIT 1
  [1m[36m (0.3ms)[0m  [1mSELECT SUM(stocks.money*stock_amounts) AS sum_id FROM `user_stocks` INNER JOIN `stocks` ON `stocks`.`id` = `user_stocks`.`stock_id` WHERE `user_stocks`.`user_id` = 176 AND `user_stocks`.`is_settled` = 0[0m
  [1m[35m (0.1ms)[0m  BEGIN
  [1m[36mSQL (0.9ms)[0m  [1mINSERT INTO `log_users` (`created_at`, `updated_at`, `user_id`, `user_money`) VALUES ('2014-06-23 11:44:21', '2014-06-23 11:44:21', 176, 93261)[0m
  [1m[35m (0.4ms)[0m  COMMIT
  [1m[36mUser Load (0.2ms)[0m  [1mSELECT `users`.* FROM `users` WHERE `users`.`id` = 177 LIMIT 1[0m
  [1m[35m (0.3ms)[0m  SELECT SUM(stocks.money*stock_amounts) AS sum_id FROM `user_stocks` INNER JOIN `stocks` ON `stocks`.`id` = `user_stocks`.`stock_id` WHERE `user_stocks`.`user_id` = 177 AND `user_stocks`.`is_settled` = 0
  [1m[36m (0.1ms)[0m  [1mBEGIN[0m
  [1m[35mSQL (0.9ms)[0m  INSERT INTO `log_users` (`created_at`, `updated_at`, `user_id`, `user_money`) VALUES ('2014-06-23 11:44:21', '2014-06-23 11:44:21', 177, 99999)
  [1m[36m (0.4ms)[0m  [1mCOMMIT[0m
  [1m[35mUser Load (0.2ms)[0m  SELECT `users`.* FROM `users` WHERE `users`.`id` = 178 LIMIT 1
  [1m[36m (0.3ms)[0m  [1mSELECT SUM(stocks.money*stock_amounts) AS sum_id FROM `user_stocks` INNER JOIN `stocks` ON `stocks`.`id` = `user_stocks`.`stock_id` WHERE `user_stocks`.`user_id` = 178 AND `user_stocks`.`is_settled` = 0[0m
  [1m[35m (0.1ms)[0m  BEGIN
  [1m[36mSQL (0.2ms)[0m  [1mINSERT INTO `log_users` (`created_at`, `updated_at`, `user_id`, `user_money`) VALUES ('2014-06-23 11:44:21', '2014-06-23 11:44:21', 178, 99999)[0m
  [1m[35m (0.4ms)[0m  COMMIT
  [1m[36mUser Load (0.2ms)[0m  [1mSELECT `users`.* FROM `users` WHERE `users`.`id` = 179 LIMIT 1[0m
  [1m[35m (0.3ms)[0m  SELECT SUM(stocks.money*stock_amounts) AS sum_id FROM `user_stocks` INNER JOIN `stocks` ON `stocks`.`id` = `user_stocks`.`stock_id` WHERE `user_stocks`.`user_id` = 179 AND `user_stocks`.`is_settled` = 0
  [1m[36m (0.1ms)[0m  [1mBEGIN[0m
  [1m[35mSQL (0.2ms)[0m  INSERT INTO `log_users` (`created_at`, `updated_at`, `user_id`, `user_money`) VALUES ('2014-06-23 11:44:21', '2014-06-23 11:44:21', 179, 82827)
  [1m[36m (0.4ms)[0m  [1mCOMMIT[0m
  [1m[35mUser Load (0.2ms)[0m  SELECT `users`.* FROM `users` WHERE `users`.`id` = 180 LIMIT 1
  [1m[36m (5.2ms)[0m  [1mSELECT SUM(stocks.money*stock_amounts) AS sum_id FROM `user_stocks` INNER JOIN `stocks` ON `stocks`.`id` = `user_stocks`.`stock_id` WHERE `user_stocks`.`user_id` = 180 AND `user_stocks`.`is_settled` = 0[0m
  [1m[35m (0.1ms)[0m  BEGIN
  [1m[36mSQL (10.7ms)[0m  [1mINSERT INTO `log_users` (`created_at`, `updated_at`, `user_id`, `user_money`) VALUES ('2014-06-23 11:44:21', '2014-06-23 11:44:21', 180, 105999)[0m
  [1m[35m (0.4ms)[0m  COMMIT
  [1m[36mUser Load (0.2ms)[0m  [1mSELECT `users`.* FROM `users` WHERE `users`.`id` = 181 LIMIT 1[0m
  [1m[35m (0.3ms)[0m  SELECT SUM(stocks.money*stock_amounts) AS sum_id FROM `user_stocks` INNER JOIN `stocks` ON `stocks`.`id` = `user_stocks`.`stock_id` WHERE `user_stocks`.`user_id` = 181 AND `user_stocks`.`is_settled` = 0
  [1m[36m (0.1ms)[0m  [1mBEGIN[0m
  [1m[35mSQL (0.8ms)[0m  INSERT INTO `log_users` (`created_at`, `updated_at`, `user_id`, `user_money`) VALUES ('2014-06-23 11:44:21', '2014-06-23 11:44:21', 181, 118529)
  [1m[36m (0.5ms)[0m  [1mCOMMIT[0m
  [1m[35mUser Load (0.2ms)[0m  SELECT `users`.* FROM `users` WHERE `users`.`id` = 182 LIMIT 1
  [1m[36m (0.2ms)[0m  [1mSELECT SUM(stocks.money*stock_amounts) AS sum_id FROM `user_stocks` INNER JOIN `stocks` ON `stocks`.`id` = `user_stocks`.`stock_id` WHERE `user_stocks`.`user_id` = 182 AND `user_stocks`.`is_settled` = 0[0m
  [1m[35m (0.1ms)[0m  BEGIN
  [1m[36mSQL (0.2ms)[0m  [1mINSERT INTO `log_users` (`created_at`, `updated_at`, `user_id`, `user_money`) VALUES ('2014-06-23 11:44:21', '2014-06-23 11:44:21', 182, 1000)[0m
  [1m[35m (0.5ms)[0m  COMMIT
  [1m[36mUser Load (0.2ms)[0m  [1mSELECT `users`.* FROM `users` WHERE `users`.`id` = 183 LIMIT 1[0m
  [1m[35m (0.2ms)[0m  SELECT SUM(stocks.money*stock_amounts) AS sum_id FROM `user_stocks` INNER JOIN `stocks` ON `stocks`.`id` = `user_stocks`.`stock_id` WHERE `user_stocks`.`user_id` = 183 AND `user_stocks`.`is_settled` = 0
  [1m[36m (0.2ms)[0m  [1mBEGIN[0m
  [1m[35mSQL (0.2ms)[0m  INSERT INTO `log_users` (`created_at`, `updated_at`, `user_id`, `user_money`) VALUES ('2014-06-23 11:44:21', '2014-06-23 11:44:21', 183, 1000)
  [1m[36m (0.5ms)[0m  [1mCOMMIT[0m
  [1m[36mStock Load (0.4ms)[0m  [1mSELECT `stocks`.* FROM `stocks` INNER JOIN `issues` ON `issues`.`id` = `stocks`.`issue_id` WHERE (end_date >= CURDATE() AND is_closed = 0)[0m
  [1m[35m (0.3ms)[0m  SELECT COUNT(*) FROM `log_user_stocks` WHERE (DATE_FORMAT(created_at, '%Y-%m-%d') = '2014-06-23' AND stock_id = 55) AND (stock_type = 1)
  [1m[36m (0.2ms)[0m  [1mSELECT COUNT(*) FROM `log_user_stocks` WHERE (DATE_FORMAT(created_at, '%Y-%m-%d') = '2014-06-23' AND stock_id = 55) AND (stock_type = 2)[0m
  [1m[35m (0.1ms)[0m  BEGIN
  [1m[36mSQL (1.8ms)[0m  [1mINSERT INTO `log_stocks` (`created_at`, `stock_buying`, `stock_id`, `stock_money`, `stock_selling`, `updated_at`) VALUES ('2014-06-23 11:45:32', 11, 55, 2023, 3, '2014-06-23 11:45:32')[0m
  [1m[35m (2.4ms)[0m  COMMIT
  [1m[36m (0.2ms)[0m  [1mSELECT COUNT(*) FROM `log_user_stocks` WHERE (DATE_FORMAT(created_at, '%Y-%m-%d') = '2014-06-23' AND stock_id = 56) AND (stock_type = 1)[0m
  [1m[35m (0.2ms)[0m  SELECT COUNT(*) FROM `log_user_stocks` WHERE (DATE_FORMAT(created_at, '%Y-%m-%d') = '2014-06-23' AND stock_id = 56) AND (stock_type = 2)
  [1m[36m (0.1ms)[0m  [1mBEGIN[0m
  [1m[35mSQL (8.5ms)[0m  INSERT INTO `log_stocks` (`created_at`, `stock_buying`, `stock_id`, `stock_money`, `stock_selling`, `updated_at`) VALUES ('2014-06-23 11:45:32', 2, 56, 2009, 1, '2014-06-23 11:45:32')
  [1m[36m (0.4ms)[0m  [1mCOMMIT[0m
  [1m[35m (0.2ms)[0m  SELECT COUNT(*) FROM `log_user_stocks` WHERE (DATE_FORMAT(created_at, '%Y-%m-%d') = '2014-06-23' AND stock_id = 57) AND (stock_type = 1)
  [1m[36m (0.2ms)[0m  [1mSELECT COUNT(*) FROM `log_user_stocks` WHERE (DATE_FORMAT(created_at, '%Y-%m-%d') = '2014-06-23' AND stock_id = 57) AND (stock_type = 2)[0m
  [1m[35m (0.2ms)[0m  BEGIN
  [1m[36mSQL (0.2ms)[0m  [1mINSERT INTO `log_stocks` (`created_at`, `stock_buying`, `stock_id`, `stock_money`, `updated_at`) VALUES ('2014-06-23 11:45:32', 1, 57, 1996, '2014-06-23 11:45:32')[0m
  [1m[35m (0.4ms)[0m  COMMIT
  [1m[36m (0.3ms)[0m  [1mSELECT COUNT(*) FROM `log_user_stocks` WHERE (DATE_FORMAT(created_at, '%Y-%m-%d') = '2014-06-23' AND stock_id = 58) AND (stock_type = 1)[0m
  [1m[35m (0.2ms)[0m  SELECT COUNT(*) FROM `log_user_stocks` WHERE (DATE_FORMAT(created_at, '%Y-%m-%d') = '2014-06-23' AND stock_id = 58) AND (stock_type = 2)
  [1m[36m (0.1ms)[0m  [1mBEGIN[0m
  [1m[35mSQL (6.7ms)[0m  INSERT INTO `log_stocks` (`created_at`, `stock_id`, `stock_money`, `updated_at`) VALUES ('2014-06-23 11:45:32', 58, 2000, '2014-06-23 11:45:32')
  [1m[36m (0.4ms)[0m  [1mCOMMIT[0m
  [1m[35m (0.2ms)[0m  SELECT COUNT(*) FROM `log_user_stocks` WHERE (DATE_FORMAT(created_at, '%Y-%m-%d') = '2014-06-23' AND stock_id = 59) AND (stock_type = 1)
  [1m[36m (0.2ms)[0m  [1mSELECT COUNT(*) FROM `log_user_stocks` WHERE (DATE_FORMAT(created_at, '%Y-%m-%d') = '2014-06-23' AND stock_id = 59) AND (stock_type = 2)[0m
  [1m[35m (0.1ms)[0m  BEGIN
  [1m[36mSQL (0.2ms)[0m  [1mINSERT INTO `log_stocks` (`created_at`, `stock_id`, `stock_money`, `updated_at`) VALUES ('2014-06-23 11:45:32', 59, 2000, '2014-06-23 11:45:32')[0m
  [1m[35m (0.4ms)[0m  COMMIT
